<?xml version="1.0" encoding="UTF-8"?>
<!-- Generated by org.testng.reporters.JUnitXMLReporter -->
<testsuite ignored="0" hostname="DESKTOP-3M30ENU" failures="0" tests="2" name="Parallel Tests" time="2.579" errors="0" timestamp="2022-10-20T17:54:03 IST">
  <testcase classname="TestNGScripts.ParallelEdgeTest" name="@BeforeTest beforeTest" time="0.008">
    <failure type="java.lang.IllegalStateException" message="The driver executable must exist: C:\Users\Dell\eclipse-workspace\TestProject\.\Software\edgedriver.exe">
      <![CDATA[java.lang.IllegalStateException: The driver executable must exist: C:\Users\Dell\eclipse-workspace\TestProject\.\Software\edgedriver.exe
at org.openqa.selenium.internal.Require$FileStateChecker.isFile(Require.java:342)
at org.openqa.selenium.remote.service.DriverService.checkExecutable(DriverService.java:147)
at org.openqa.selenium.remote.service.DriverService.findExecutable(DriverService.java:142)
at org.openqa.selenium.edge.EdgeDriverService.access$000(EdgeDriverService.java:40)
at org.openqa.selenium.edge.EdgeDriverService$Builder.findDefaultExecutable(EdgeDriverService.java:176)
at org.openqa.selenium.remote.service.DriverService$Builder.build(DriverService.java:437)
at org.openqa.selenium.edge.EdgeDriver.<init>(EdgeDriver.java:46)
at org.openqa.selenium.edge.EdgeDriver.<init>(EdgeDriver.java:42)
at TestNGScripts.ParallelEdgeTest.beforeTest(ParallelEdgeTest.java:16)
... Removed 24 stack frames]]>
    </failure>
  </testcase> <!-- @BeforeTest beforeTest -->
  <testcase classname="TestNGScripts.ParallelChrometest" name="@AfterTest afterTest" time="-1.666268643756E9">
    <skipped/>
  </testcase> <!-- @AfterTest afterTest -->
  <testcase classname="TestNGScripts.ParallelEdgeTest" name="@AfterTest afterTest" time="-1.666268643762E9">
    <skipped/>
  </testcase> <!-- @AfterTest afterTest -->
  <testcase classname="TestNGScripts.ParallelChrometest" name="ChromeTestMethod" time="0.0">
    <skipped/>
  </testcase> <!-- ChromeTestMethod -->
  <testcase classname="TestNGScripts.ParallelEdgeTest" name="EdgeTestMethod" time="0.0">
    <skipped/>
  </testcase> <!-- EdgeTestMethod -->
</testsuite> <!-- Parallel Tests -->
